[2022-05-26T17:32:06.683969+02:00] flutterwave/rave.NOTICE: Generating Reference Number.... [] []
[2022-05-26T17:32:06.711364+02:00] flutterwave/rave.NOTICE: Generated Reference Number....RMU_628f9d76adab8 [] []
[2022-05-26T17:32:06.711460+02:00] flutterwave/rave.NOTICE: Rave Class Initializes.... [] []
[2022-05-26T17:32:06.712026+02:00] flutterwave/rave.WARNING: Stop!!! Please pass the txref parameter! [] []
[2022-05-26T17:32:22.955900+02:00] flutterwave/rave.NOTICE: Generating Reference Number.... [] []
[2022-05-26T17:32:22.957726+02:00] flutterwave/rave.NOTICE: Generated Reference Number....RMU_628f9d86e9d12 [] []
[2022-05-26T17:32:22.958299+02:00] flutterwave/rave.NOTICE: Rave Class Initializes.... [] []
[2022-05-26T17:32:22.958781+02:00] flutterwave/rave.WARNING: Stop!!! Please pass the txref parameter! [] []
[2022-05-26T17:34:25.061181+02:00] flutterwave/rave.NOTICE: Generating Reference Number.... [] []
[2022-05-26T17:34:25.062417+02:00] flutterwave/rave.NOTICE: Generated Reference Number....RMU_628f9e010f3ca [] []
[2022-05-26T17:34:25.062451+02:00] flutterwave/rave.NOTICE: Rave Class Initializes.... [] []
[2022-05-26T17:34:25.062940+02:00] flutterwave/rave.WARNING: Stop!!! Please pass the txref parameter! [] []
[2022-05-26T17:34:40.806103+02:00] flutterwave/rave.NOTICE: Generating Reference Number.... [] []
[2022-05-26T17:34:40.807508+02:00] flutterwave/rave.NOTICE: Generated Reference Number....RMU_628f9e10c5245 [] []
[2022-05-26T17:34:40.807555+02:00] flutterwave/rave.NOTICE: Rave Class Initializes.... [] []
[2022-05-26T17:34:40.808101+02:00] flutterwave/rave.WARNING: Stop!!! Please pass the txref parameter! [] []
[2022-05-26T17:37:26.778719+02:00] flutterwave/rave.NOTICE: Generating Reference Number.... [] []
[2022-05-26T17:37:26.780219+02:00] flutterwave/rave.NOTICE: Generated Reference Number....RMU_628f9eb6be7b3 [] []
[2022-05-26T17:37:26.780255+02:00] flutterwave/rave.NOTICE: Rave Class Initializes.... [] []
[2022-05-26T17:37:26.780970+02:00] flutterwave/rave.WARNING: Stop!!! Please pass the txref parameter! [] []
[2022-05-26T17:41:32.506798+02:00] flutterwave/rave.NOTICE: Generating Reference Number.... [] []
[2022-05-26T17:41:32.507995+02:00] flutterwave/rave.NOTICE: Generated Reference Number....RMU_628f9fac7c055 [] []
[2022-05-26T17:41:32.508029+02:00] flutterwave/rave.NOTICE: Rave Class Initializes.... [] []
[2022-05-26T17:41:32.508503+02:00] flutterwave/rave.WARNING: Stop!!! Please pass the txref parameter! [] []
[2022-05-26T17:42:16.526970+02:00] flutterwave/rave.NOTICE: Generating Reference Number.... [] []
[2022-05-26T17:42:16.528172+02:00] flutterwave/rave.NOTICE: Generated Reference Number....RMU_628f9fd880f13 [] []
[2022-05-26T17:42:16.528207+02:00] flutterwave/rave.NOTICE: Rave Class Initializes.... [] []
[2022-05-26T17:42:16.528654+02:00] flutterwave/rave.WARNING: Stop!!! Please pass the txref parameter! [] []
[2022-05-26T17:43:56.029318+02:00] flutterwave/rave.NOTICE: Generating Reference Number.... [] []
[2022-05-26T17:43:56.030888+02:00] flutterwave/rave.NOTICE: Generated Reference Number....RMU_628fa03c078a1 [] []
[2022-05-26T17:43:56.030942+02:00] flutterwave/rave.NOTICE: Rave Class Initializes.... [] []
[2022-05-26T17:43:56.031418+02:00] flutterwave/rave.WARNING: Stop!!! Please pass the txref parameter! [] []
[2022-05-26T17:45:46.938282+02:00] flutterwave/rave.NOTICE: Generating Reference Number.... [] []
[2022-05-26T17:45:46.939292+02:00] flutterwave/rave.NOTICE: Generated Reference Number....RMU_628fa0aae5516 [] []
[2022-05-26T17:45:46.939324+02:00] flutterwave/rave.NOTICE: Rave Class Initializes.... [] []
[2022-05-26T17:49:27.327265+02:00] flutterwave/rave.NOTICE: Generating Reference Number.... [] []
[2022-05-26T17:49:27.328482+02:00] flutterwave/rave.NOTICE: Generated Reference Number....RMU_628fa1875031b [] []
[2022-05-26T17:49:27.328514+02:00] flutterwave/rave.NOTICE: Rave Class Initializes.... [] []
[2022-05-26T18:01:21.050938+02:00] flutterwave/rave.NOTICE: Generating Reference Number.... [] []
[2022-05-26T18:01:21.052113+02:00] flutterwave/rave.NOTICE: Generated Reference Number....RMU_628fa4510cb8a [] []
[2022-05-26T18:01:21.052185+02:00] flutterwave/rave.NOTICE: Rave Class Initializes.... [] []
[2022-05-26T18:01:21.052604+02:00] flutterwave/rave.WARNING: Stop!!! Please pass the txref parameter! [] []
[2022-05-26T18:02:37.711560+02:00] flutterwave/rave.NOTICE: Generating Reference Number.... [] []
[2022-05-26T18:02:37.712854+02:00] flutterwave/rave.NOTICE: Generated Reference Number....RMU_628fa49dae08e [] []
[2022-05-26T18:02:37.712905+02:00] flutterwave/rave.NOTICE: Rave Class Initializes.... [] []
[2022-05-26T18:04:07.630083+02:00] flutterwave/rave.NOTICE: Generating Reference Number.... [] []
[2022-05-26T18:04:07.631303+02:00] flutterwave/rave.NOTICE: Generated Reference Number....1653581047 [] []
[2022-05-26T18:04:07.631337+02:00] flutterwave/rave.NOTICE: Rave Class Initializes.... [] []
[2022-05-26T18:04:07.631814+02:00] flutterwave/rave.WARNING: Stop!!! Please pass the txref parameter! [] []
[2022-05-26T18:04:28.313941+02:00] flutterwave/rave.NOTICE: Generating Reference Number.... [] []
[2022-05-26T18:04:28.314883+02:00] flutterwave/rave.NOTICE: Generated Reference Number....1653581068 [] []
[2022-05-26T18:04:28.314914+02:00] flutterwave/rave.NOTICE: Rave Class Initializes.... [] []
[2022-05-26T18:06:09.695823+02:00] flutterwave/rave.NOTICE: Generating Reference Number.... [] []
[2022-05-26T18:06:09.697131+02:00] flutterwave/rave.NOTICE: Generated Reference Number....1653581169 [] []
[2022-05-26T18:06:09.697165+02:00] flutterwave/rave.NOTICE: Rave Class Initializes.... [] []
[2022-05-26T18:06:09.697706+02:00] flutterwave/rave.WARNING: Stop!!! Please pass the txref parameter! [] []
[2022-05-26T18:06:15.984995+02:00] flutterwave/rave.NOTICE: Generating Reference Number.... [] []
[2022-05-26T18:06:15.985977+02:00] flutterwave/rave.NOTICE: Generated Reference Number....1653581175 [] []
[2022-05-26T18:06:15.986010+02:00] flutterwave/rave.NOTICE: Rave Class Initializes.... [] []
[2022-05-26T18:07:35.433837+02:00] flutterwave/rave.NOTICE: Generating Reference Number.... [] []
[2022-05-26T18:07:35.435048+02:00] flutterwave/rave.NOTICE: Generated Reference Number....1653581255 [] []
[2022-05-26T18:07:35.435079+02:00] flutterwave/rave.NOTICE: Rave Class Initializes.... [] []
