[2022-05-26T19:00:52.145285+02:00] flutterwave/rave.NOTICE: Generating Reference Number.... [] []
[2022-05-26T19:00:52.147495+02:00] flutterwave/rave.NOTICE: Generated Reference Number....1653584439 [] []
[2022-05-26T19:00:52.147582+02:00] flutterwave/rave.NOTICE: Rave Class Initializes.... [] []
[2022-05-26T19:02:25.546901+02:00] flutterwave/rave.NOTICE: Generating Reference Number.... [] []
[2022-05-26T19:02:25.548011+02:00] flutterwave/rave.NOTICE: Generated Reference Number....RMU_628fb2a185ca4 [] []
[2022-05-26T19:02:25.548068+02:00] flutterwave/rave.NOTICE: Rave Class Initializes.... [] []
[2022-05-26T19:02:25.549100+02:00] flutterwave/rave.WARNING: Stop!!! Please pass the txref parameter! [] []
[2022-05-26T19:03:01.214939+02:00] flutterwave/rave.NOTICE: Generating Reference Number.... [] []
[2022-05-26T19:03:01.216818+02:00] flutterwave/rave.NOTICE: Generated Reference Number....RMU_628fb2c534ee7 [] []
[2022-05-26T19:03:01.216854+02:00] flutterwave/rave.NOTICE: Rave Class Initializes.... [] []
[2022-05-26T19:03:01.217366+02:00] flutterwave/rave.WARNING: Stop!!! Please pass the txref parameter! [] []
[2022-05-26T19:03:06.809397+02:00] flutterwave/rave.NOTICE: Generating Reference Number.... [] []
[2022-05-26T19:03:06.810561+02:00] flutterwave/rave.NOTICE: Generated Reference Number....1653584583 [] []
[2022-05-26T19:03:06.810593+02:00] flutterwave/rave.NOTICE: Rave Class Initializes.... [] []
[2022-05-26T19:03:06.812564+02:00] flutterwave/rave.NOTICE: Generating Checksum.... [] []
[2022-05-26T19:03:26.261487+02:00] flutterwave/rave.NOTICE: Generating Reference Number.... [] []
[2022-05-26T19:03:26.262540+02:00] flutterwave/rave.NOTICE: Generated Reference Number....RMU_628fb2de40184 [] []
[2022-05-26T19:03:26.262572+02:00] flutterwave/rave.NOTICE: Rave Class Initializes.... [] []
[2022-05-26T19:03:26.263012+02:00] flutterwave/rave.WARNING: Stop!!! Please pass the txref parameter! [] []
[2022-05-26T20:23:23.596511+02:00] flutterwave/rave.NOTICE: Generating Reference Number.... [] []
[2022-05-26T20:23:23.597975+02:00] flutterwave/rave.NOTICE: Generated Reference Number....RMU_628fc59b91fd0 [] []
[2022-05-26T20:23:23.598006+02:00] flutterwave/rave.NOTICE: Rave Class Initializes.... [] []
[2022-05-26T20:23:23.598414+02:00] flutterwave/rave.WARNING: Stop!!! Please pass the txref parameter! [] []
[2022-05-26T20:24:32.122136+02:00] flutterwave/rave.NOTICE: Generating Reference Number.... [] []
[2022-05-26T20:24:32.123119+02:00] flutterwave/rave.NOTICE: Generated Reference Number....RMU_628fc5e01e0e8 [] []
[2022-05-26T20:24:32.123150+02:00] flutterwave/rave.NOTICE: Rave Class Initializes.... [] []
[2022-05-26T20:24:32.123584+02:00] flutterwave/rave.WARNING: Stop!!! Please pass the txref parameter! [] []
[2022-05-26T20:30:28.842831+02:00] flutterwave/rave.NOTICE: Generating Reference Number.... [] []
[2022-05-26T20:30:28.844291+02:00] flutterwave/rave.NOTICE: Generated Reference Number....1653589828 [] []
[2022-05-26T20:30:28.844324+02:00] flutterwave/rave.NOTICE: Rave Class Initializes.... [] []
[2022-05-26T20:30:28.844821+02:00] flutterwave/rave.NOTICE: Generating Checksum.... [] []
[2022-05-26T20:31:54.729097+02:00] flutterwave/rave.NOTICE: Generating Reference Number.... [] []
[2022-05-26T20:31:54.730676+02:00] flutterwave/rave.NOTICE: Generated Reference Number....1653589914 [] []
[2022-05-26T20:31:54.730779+02:00] flutterwave/rave.NOTICE: Rave Class Initializes.... [] []
[2022-05-26T20:31:54.731161+02:00] flutterwave/rave.NOTICE: Generating Checksum.... [] []
[2022-05-26T20:39:15.127190+02:00] flutterwave/rave.NOTICE: Generating Reference Number.... [] []
[2022-05-26T20:39:15.128768+02:00] flutterwave/rave.NOTICE: Generated Reference Number....1653590355 [] []
[2022-05-26T20:39:15.128811+02:00] flutterwave/rave.NOTICE: Rave Class Initializes.... [] []
[2022-05-26T20:39:15.129307+02:00] flutterwave/rave.NOTICE: Generating Checksum.... [] []
[2022-05-26T20:40:05.332161+02:00] flutterwave/rave.NOTICE: Generating Reference Number.... [] []
[2022-05-26T20:40:05.333108+02:00] flutterwave/rave.NOTICE: Generated Reference Number....1653590405 [] []
[2022-05-26T20:40:05.333172+02:00] flutterwave/rave.NOTICE: Rave Class Initializes.... [] []
[2022-05-26T20:40:05.333503+02:00] flutterwave/rave.NOTICE: Generating Checksum.... [] []
[2022-05-26T20:41:03.434365+02:00] flutterwave/rave.NOTICE: Generating Reference Number.... [] []
[2022-05-26T20:41:03.435541+02:00] flutterwave/rave.NOTICE: Generated Reference Number....1653590463 [] []
[2022-05-26T20:41:03.435572+02:00] flutterwave/rave.NOTICE: Rave Class Initializes.... [] []
[2022-05-26T20:41:03.435894+02:00] flutterwave/rave.NOTICE: Generating Checksum.... [] []
[2022-05-26T20:42:51.946864+02:00] flutterwave/rave.NOTICE: Generating Reference Number.... [] []
[2022-05-26T20:42:51.948025+02:00] flutterwave/rave.NOTICE: Generated Reference Number....1653590571 [] []
[2022-05-26T20:42:51.948058+02:00] flutterwave/rave.NOTICE: Rave Class Initializes.... [] []
[2022-05-26T20:42:51.948449+02:00] flutterwave/rave.NOTICE: Generating Checksum.... [] []
[2022-05-26T20:45:18.399475+02:00] flutterwave/rave.NOTICE: Generating Reference Number.... [] []
[2022-05-26T20:45:18.400687+02:00] flutterwave/rave.NOTICE: Generated Reference Number....1653590718 [] []
[2022-05-26T20:45:18.400721+02:00] flutterwave/rave.NOTICE: Rave Class Initializes.... [] []
[2022-05-26T20:45:18.400985+02:00] flutterwave/rave.NOTICE: Generating Checksum.... [] []
[2022-05-26T20:45:26.252913+02:00] flutterwave/rave.NOTICE: Generating Reference Number.... [] []
[2022-05-26T20:45:26.253818+02:00] flutterwave/rave.NOTICE: Generated Reference Number....1653590726 [] []
[2022-05-26T20:45:26.253848+02:00] flutterwave/rave.NOTICE: Rave Class Initializes.... [] []
[2022-05-26T20:45:26.254046+02:00] flutterwave/rave.NOTICE: Generating Checksum.... [] []
[2022-05-26T20:46:15.593791+02:00] flutterwave/rave.NOTICE: Generating Reference Number.... [] []
[2022-05-26T20:46:15.594782+02:00] flutterwave/rave.NOTICE: Generated Reference Number....1653590775 [] []
[2022-05-26T20:46:15.594815+02:00] flutterwave/rave.NOTICE: Rave Class Initializes.... [] []
[2022-05-26T20:46:15.594848+02:00] flutterwave/rave.NOTICE: Generating Checksum.... [] []
[2022-05-26T20:47:25.739535+02:00] flutterwave/rave.NOTICE: Generating Reference Number.... [] []
[2022-05-26T20:47:25.740706+02:00] flutterwave/rave.NOTICE: Generated Reference Number....1653590845 [] []
[2022-05-26T20:47:25.740738+02:00] flutterwave/rave.NOTICE: Rave Class Initializes.... [] []
[2022-05-26T20:47:25.740767+02:00] flutterwave/rave.NOTICE: Generating Checksum.... [] []
